  ListExample.cpp
c:\users\lewis\datap\examples\src\main\cpp\listexample.cpp(11): warning C4477: 'fprintf' : format string '%d' requires an argument of type 'int', but variadic argument 1 has type '__int64'
  c:\users\lewis\datap\examples\src\main\cpp\listexample.cpp(11): note: consider using '%lld' in the format string
  c:\users\lewis\datap\examples\src\main\cpp\listexample.cpp(11): note: consider using '%Id' in the format string
  c:\users\lewis\datap\examples\src\main\cpp\listexample.cpp(11): note: consider using '%I64d' in the format string
c:\users\lewis\datap\examples\src\main\cpp\listexample.cpp(11): warning C4477: 'fprintf' : format string '%d' requires an argument of type 'int', but variadic argument 2 has type '__int64'
  c:\users\lewis\datap\examples\src\main\cpp\listexample.cpp(11): note: consider using '%lld' in the format string
  c:\users\lewis\datap\examples\src\main\cpp\listexample.cpp(11): note: consider using '%Id' in the format string
  c:\users\lewis\datap\examples\src\main\cpp\listexample.cpp(11): note: consider using '%I64d' in the format string
c:\users\lewis\datap\examples\src\main\cpp\listexample.cpp(20): warning C4477: 'fprintf' : format string '%d' requires an argument of type 'int', but variadic argument 1 has type '__int64'
  c:\users\lewis\datap\examples\src\main\cpp\listexample.cpp(20): note: consider using '%lld' in the format string
  c:\users\lewis\datap\examples\src\main\cpp\listexample.cpp(20): note: consider using '%Id' in the format string
  c:\users\lewis\datap\examples\src\main\cpp\listexample.cpp(20): note: consider using '%I64d' in the format string
c:\users\lewis\datap\examples\src\main\cpp\listexample.cpp(21): warning C4477: 'fprintf' : format string '%d' requires an argument of type 'int', but variadic argument 1 has type '__int64'
  c:\users\lewis\datap\examples\src\main\cpp\listexample.cpp(21): note: consider using '%lld' in the format string
  c:\users\lewis\datap\examples\src\main\cpp\listexample.cpp(21): note: consider using '%Id' in the format string
  c:\users\lewis\datap\examples\src\main\cpp\listexample.cpp(21): note: consider using '%I64d' in the format string
c:\users\lewis\datap\examples\src\main\cpp\listexample.cpp(23): warning C4477: 'fprintf' : format string '%d' requires an argument of type 'int', but variadic argument 1 has type '__int64'
  c:\users\lewis\datap\examples\src\main\cpp\listexample.cpp(23): note: consider using '%lld' in the format string
  c:\users\lewis\datap\examples\src\main\cpp\listexample.cpp(23): note: consider using '%Id' in the format string
  c:\users\lewis\datap\examples\src\main\cpp\listexample.cpp(23): note: consider using '%I64d' in the format string
c:\users\lewis\datap\examples\src\main\cpp\listexample.cpp(24): warning C4477: 'fprintf' : format string '%d' requires an argument of type 'int', but variadic argument 1 has type '__int64'
  c:\users\lewis\datap\examples\src\main\cpp\listexample.cpp(24): note: consider using '%lld' in the format string
  c:\users\lewis\datap\examples\src\main\cpp\listexample.cpp(24): note: consider using '%Id' in the format string
  c:\users\lewis\datap\examples\src\main\cpp\listexample.cpp(24): note: consider using '%I64d' in the format string
c:\users\lewis\datap\examples\src\main\cpp\listexample.cpp(26): warning C4477: 'fprintf' : format string '%d' requires an argument of type 'int', but variadic argument 1 has type '__int64'
  c:\users\lewis\datap\examples\src\main\cpp\listexample.cpp(26): note: consider using '%lld' in the format string
  c:\users\lewis\datap\examples\src\main\cpp\listexample.cpp(26): note: consider using '%Id' in the format string
  c:\users\lewis\datap\examples\src\main\cpp\listexample.cpp(26): note: consider using '%I64d' in the format string
c:\users\lewis\datap\examples\src\main\cpp\listexample.cpp(26): warning C4477: 'fprintf' : format string '%d' requires an argument of type 'int', but variadic argument 2 has type '__int64'
  c:\users\lewis\datap\examples\src\main\cpp\listexample.cpp(26): note: consider using '%lld' in the format string
  c:\users\lewis\datap\examples\src\main\cpp\listexample.cpp(26): note: consider using '%Id' in the format string
  c:\users\lewis\datap\examples\src\main\cpp\listexample.cpp(26): note: consider using '%I64d' in the format string
c:\users\lewis\datap\examples\src\main\cpp\listexample.cpp(29): warning C4477: 'fprintf' : format string '%d' requires an argument of type 'int', but variadic argument 1 has type '__int64'
  c:\users\lewis\datap\examples\src\main\cpp\listexample.cpp(29): note: consider using '%lld' in the format string
  c:\users\lewis\datap\examples\src\main\cpp\listexample.cpp(29): note: consider using '%Id' in the format string
  c:\users\lewis\datap\examples\src\main\cpp\listexample.cpp(29): note: consider using '%I64d' in the format string
c:\users\lewis\datap\examples\src\main\cpp\listexample.cpp(32): warning C4477: 'fprintf' : format string '%d' requires an argument of type 'int', but variadic argument 1 has type '__int64'
  c:\users\lewis\datap\examples\src\main\cpp\listexample.cpp(32): note: consider using '%lld' in the format string
  c:\users\lewis\datap\examples\src\main\cpp\listexample.cpp(32): note: consider using '%Id' in the format string
  c:\users\lewis\datap\examples\src\main\cpp\listexample.cpp(32): note: consider using '%I64d' in the format string
c:\users\lewis\datap\examples\src\main\cpp\listexample.cpp(32): warning C4477: 'fprintf' : format string '%d' requires an argument of type 'int', but variadic argument 2 has type '__int64'
  c:\users\lewis\datap\examples\src\main\cpp\listexample.cpp(32): note: consider using '%lld' in the format string
  c:\users\lewis\datap\examples\src\main\cpp\listexample.cpp(32): note: consider using '%Id' in the format string
  c:\users\lewis\datap\examples\src\main\cpp\listexample.cpp(32): note: consider using '%I64d' in the format string
datap.obj : warning LNK4078: multiple '.data' sections found with different attributes (C03000C0)
kernel32.lib(KERNEL32.dll) : warning LNK4078: multiple '.text' sections found with different attributes (60101020)
  Generating code
  2 of 7 functions (28.6%) were compiled, the rest were copied from previous compilation.
    0 functions were new in current compilation
    0 functions had inline decision re-evaluated but remain unchanged
  Finished generating code
  datap_Examples_2017.vcxproj -> C:\Users\lewis\datap\Examples\datap_Examples_2017\x64\Release\datap_Examples_2017.exe
